==> building voice appimage (v20260526)
==> installing dependencies...
WARNING: Cache entry deserialization failed, entry ignored
WARNING: Cache entry deserialization failed, entry ignored
==> dependencies installed (5.8G)
==> stripping...
==> stripped (5.4G)
==> portaudio bundled (system)
==> building appimage (this compresses the venv — may take a minute)...
appimagetool, continuous build (commit 5735cc5), build <local dev build> built on 2023-03-08 22:52:04 UTC
Using architecture x86_64
Generating squashfs...
Parallel mksquashfs: Using 16 processors
Creating 4.0 filesystem on /home/house/voice/releases/Voice-20260526-x86_64.AppImage, block size 131072.
[===========================================================-] 68523/68523 100%

Exportable Squashfs 4.0 filesystem, gzip compressed, data block size 131072
	compressed data, compressed metadata, compressed fragments,
	compressed xattrs, compressed ids
	duplicates are removed
Filesystem size 3043350.27 Kbytes (2972.02 Mbytes)
	54.57% of uncompressed filesystem size (5576621.37 Kbytes)
Inode table size 367761 bytes (359.14 Kbytes)
	32.35% of uncompressed inode table size (1136857 bytes)
Directory table size 312933 bytes (305.60 Kbytes)
	38.56% of uncompressed directory table size (811516 bytes)
Number of duplicate files found 1361
Number of inodes 30222
Number of files 27606
Number of fragments 2273
Number of symbolic links  6
Number of device nodes 0
Number of fifo nodes 0
Number of socket nodes 0
Number of directories 2610
Number of ids (unique uids + gids) 1
Number of uids 1
	root (0)
Number of gids 1
	root (0)
Embedding ELF...
Marking the AppImage as executable...
Embedding MD5 digest
Success

Please consider submitting your AppImage to AppImageHub, the crowd-sourced
central directory of available AppImages, by opening a pull request
at https://github.com/AppImage/appimage.github.io
/home/house/voice/dist/Voice.AppDir should be packaged as /home/house/voice/releases/Voice-20260526-x86_64.AppImage
==> done!
-rwxr-xr-x 1 house house 3.0G May 26 19:22 /home/house/voice/releases/Voice-20260526-x86_64.AppImage
